2024-12-27 19:38:01.303 | DEBUG   
2024-12-27 19:38:01.304 | INFO    
2024-12-27 19:38:01.304 | WARNING 
2024-12-27 19:38:01.305 | SUCCESS 
2024-12-27 19:42:19.638 | DEBUG    | core_apps.user_auth.views:get:12 - This is a debug message.
2024-12-27 19:42:19.638 | INFO     | core_apps.user_auth.views:get:13 - This is an info message.
2024-12-27 19:42:19.638 | WARNING  | core_apps.user_auth.views:get:14 - This is a warning message.
2024-12-27 19:42:19.639 | SUCCESS  | core_apps.user_auth.views:get:17 - This is a success message.
2024-12-27 19:42:21.732 | DEBUG    | core_apps.user_auth.views:get:12 - This is a debug message.
2024-12-27 19:42:21.733 | INFO     | core_apps.user_auth.views:get:13 - This is an info message.
2024-12-27 19:42:21.733 | WARNING  | core_apps.user_auth.views:get:14 - This is a warning message.
2024-12-27 19:42:21.733 | SUCCESS  | core_apps.user_auth.views:get:17 - This is a success message.
2024-12-27 19:42:22.464 | DEBUG    | core_apps.user_auth.views:get:12 - This is a debug message.
2024-12-27 19:42:22.465 | INFO     | core_apps.user_auth.views:get:13 - This is an info message.
2024-12-27 19:42:22.465 | WARNING  | core_apps.user_auth.views:get:14 - This is a warning message.
2024-12-27 19:42:22.465 | SUCCESS  | core_apps.user_auth.views:get:17 - This is a success message.
2024-12-27 19:42:22.659 | DEBUG    | core_apps.user_auth.views:get:12 - This is a debug message.
2024-12-27 19:42:22.659 | INFO     | core_apps.user_auth.views:get:13 - This is an info message.
2024-12-27 19:42:22.659 | WARNING  | core_apps.user_auth.views:get:14 - This is a warning message.
2024-12-27 19:42:22.659 | SUCCESS  | core_apps.user_auth.views:get:17 - This is a success message.
2024-12-27 19:42:22.826 | DEBUG    | core_apps.user_auth.views:get:12 - This is a debug message.
2024-12-27 19:42:22.826 | INFO     | core_apps.user_auth.views:get:13 - This is an info message.
2024-12-27 19:42:22.826 | WARNING  | core_apps.user_auth.views:get:14 - This is a warning message.
2024-12-27 19:42:22.826 | SUCCESS  | core_apps.user_auth.views:get:17 - This is a success message.
2024-12-27 19:42:23.010 | DEBUG    | core_apps.user_auth.views:get:12 - This is a debug message.
2024-12-27 19:42:23.011 | INFO     | core_apps.user_auth.views:get:13 - This is an info message.
2024-12-27 19:42:23.011 | WARNING  | core_apps.user_auth.views:get:14 - This is a warning message.
2024-12-27 19:42:23.011 | SUCCESS  | core_apps.user_auth.views:get:17 - This is a success message.
2024-12-27 19:42:23.193 | DEBUG    | core_apps.user_auth.views:get:12 - This is a debug message.
2024-12-27 19:42:23.194 | INFO     | core_apps.user_auth.views:get:13 - This is an info message.
2024-12-27 19:42:23.194 | WARNING  | core_apps.user_auth.views:get:14 - This is a warning message.
2024-12-27 19:42:23.194 | SUCCESS  | core_apps.user_auth.views:get:17 - This is a success message.
2024-12-27 19:42:23.360 | DEBUG    | core_apps.user_auth.views:get:12 - This is a debug message.
2024-12-27 19:42:23.360 | INFO     | core_apps.user_auth.views:get:13 - This is an info message.
2024-12-27 19:42:23.360 | WARNING  | core_apps.user_auth.views:get:14 - This is a warning message.
2024-12-27 19:42:23.360 | SUCCESS  | core_apps.user_auth.views:get:17 - This is a success message.
2024-12-27 19:42:24.599 | DEBUG    | core_apps.user_auth.views:get:12 - This is a debug message.
2024-12-27 19:42:24.600 | INFO     | core_apps.user_auth.views:get:13 - This is an info message.
2024-12-27 19:42:24.600 | WARNING  | core_apps.user_auth.views:get:14 - This is a warning message.
2024-12-27 19:42:24.600 | SUCCESS  | core_apps.user_auth.views:get:17 - This is a success message.
2024-12-27 19:42:24.775 | DEBUG    | core_apps.user_auth.views:get:12 - This is a debug message.
2024-12-27 19:42:24.775 | INFO     | core_apps.user_auth.views:get:13 - This is an info message.
2024-12-27 19:42:24.775 | WARNING  | core_apps.user_auth.views:get:14 - This is a warning message.
2024-12-27 19:42:24.775 | SUCCESS  | core_apps.user_auth.views:get:17 - This is a success message.
2024-12-27 19:42:24.944 | DEBUG    | core_apps.user_auth.views:get:12 - This is a debug message.
2024-12-27 19:42:24.944 | INFO     | core_apps.user_auth.views:get:13 - This is an info message.
2024-12-27 19:42:24.944 | WARNING  | core_apps.user_auth.views:get:14 - This is a warning message.
2024-12-27 19:42:24.944 | SUCCESS  | core_apps.user_auth.views:get:17 - This is a success message.
2024-12-27 19:42:25.128 | DEBUG    | core_apps.user_auth.views:get:12 - This is a debug message.
2024-12-27 19:42:25.128 | INFO     | core_apps.user_auth.views:get:13 - This is an info message.
2024-12-27 19:42:25.129 | WARNING  | core_apps.user_auth.views:get:14 - This is a warning message.
2024-12-27 19:42:25.129 | SUCCESS  | core_apps.user_auth.views:get:17 - This is a success message.
2024-12-27 19:42:25.328 | DEBUG    | core_apps.user_auth.views:get:12 - This is a debug message.
2024-12-27 19:42:25.329 | INFO     | core_apps.user_auth.views:get:13 - This is an info message.
2024-12-27 19:42:25.329 | WARNING  | core_apps.user_auth.views:get:14 - This is a warning message.
2024-12-27 19:42:25.329 | SUCCESS  | core_apps.user_auth.views:get:17 - This is a success message.
2024-12-27 19:42:25.569 | DEBUG    | core_apps.user_auth.views:get:12 - This is a debug message.
2024-12-27 19:42:25.569 | INFO     | core_apps.user_auth.views:get:13 - This is an info message.
2024-12-27 19:42:25.569 | WARNING  | core_apps.user_auth.views:get:14 - This is a warning message.
2024-12-27 19:42:25.569 | SUCCESS  | core_apps.user_auth.views:get:17 - This is a success message.
2024-12-27 19:42:25.744 | DEBUG    | core_apps.user_auth.views:get:12 - This is a debug message.
2024-12-27 19:42:25.744 | INFO     | core_apps.user_auth.views:get:13 - This is an info message.
2024-12-27 19:42:25.744 | WARNING  | core_apps.user_auth.views:get:14 - This is a warning message.
2024-12-27 19:42:25.744 | SUCCESS  | core_apps.user_auth.views:get:17 - This is a success message.
